{"timestamp":"2026-02-26T04:32:50.936711Z","level":"info","event":"DAG bundles loaded: dags-folder, example_dags","logger":"airflow.dag_processing.bundles.manager.DagBundlesManager","filename":"manager.py","lineno":179}
{"timestamp":"2026-02-26T04:32:50.939843Z","level":"info","event":"Filling up the DagBag from /opt/airflow/dags/download_rocket_launcher.py","logger":"airflow.models.dagbag.BundleDagBag","filename":"dagbag.py","lineno":593}
{"timestamp":"2026-02-26T04:32:50.965083Z","level":"warning","event":"The `airflow.operators.bash.BashOperator` attribute is deprecated. Please use `'airflow.providers.standard.operators.bash.BashOperator'`.","category":"DeprecatedImportWarning","filename":"/opt/airflow/dags/download_rocket_launcher.py","lineno":7,"logger":"py.warnings"}
{"timestamp":"2026-02-26T04:32:50.965230Z","level":"warning","event":"The `airflow.operators.python.PythonOperator` attribute is deprecated. Please use `'airflow.providers.standard.operators.python.PythonOperator'`.","category":"DeprecatedImportWarning","filename":"/opt/airflow/dags/download_rocket_launcher.py","lineno":8,"logger":"py.warnings"}
{"timestamp":"2026-02-26T04:32:50.986030Z","level":"info","event":"Task instance is in running state","logger":"task.stdout"}
{"timestamp":"2026-02-26T04:32:50.986919Z","level":"info","event":" Previous state of the Task instance: TaskInstanceState.QUEUED","logger":"task.stdout"}
{"timestamp":"2026-02-26T04:32:50.987784Z","level":"info","event":"Current task name:get_pictures","logger":"task.stdout"}
{"timestamp":"2026-02-26T04:32:50.988622Z","level":"info","event":"Dag name:download_rocket_launches","logger":"task.stdout"}
{"timestamp":"2026-02-26T04:32:53.301754Z","level":"info","event":"Downloaded https://thespacedevs-prod.nyc3.digitaloceanspaces.com/media/images/falcon2520925_image_20221009234147.png","logger":"task.stdout"}
{"timestamp":"2026-02-26T04:32:55.553411Z","level":"info","event":"Downloaded https://thespacedevs-prod.nyc3.digitaloceanspaces.com/media/images/electron_image_20190705175640.jpeg","logger":"task.stdout"}
{"timestamp":"2026-02-26T04:32:57.643851Z","level":"info","event":"Downloaded https://thespacedevs-prod.nyc3.digitaloceanspaces.com/media/images/falcon2520925_image_20221009234147.png","logger":"task.stdout"}
{"timestamp":"2026-02-26T04:32:59.772647Z","level":"info","event":"Downloaded https://thespacedevs-prod.nyc3.digitaloceanspaces.com/media/images/firefly_alpha_l_image_20240605174156.jpeg","logger":"task.stdout"}
{"timestamp":"2026-02-26T04:33:01.857917Z","level":"info","event":"Downloaded https://thespacedevs-prod.nyc3.digitaloceanspaces.com/media/images/falcon2520925_image_20221009234147.png","logger":"task.stdout"}
{"timestamp":"2026-02-26T04:33:04.138275Z","level":"info","event":"Downloaded https://thespacedevs-prod.nyc3.digitaloceanspaces.com/media/images/falcon2520925_image_20221009234147.png","logger":"task.stdout"}
{"timestamp":"2026-02-26T04:33:06.267772Z","level":"info","event":"Downloaded https://thespacedevs-prod.nyc3.digitaloceanspaces.com/media/images/falcon2520925_image_20221009234147.png","logger":"task.stdout"}
{"timestamp":"2026-02-26T04:33:08.361726Z","level":"info","event":"Downloaded https://thespacedevs-prod.nyc3.digitaloceanspaces.com/media/images/falcon2520925_image_20221009234147.png","logger":"task.stdout"}
{"timestamp":"2026-02-26T04:33:10.427981Z","level":"info","event":"Downloaded https://thespacedevs-prod.nyc3.digitaloceanspaces.com/media/images/falcon_9_image_20230807133459.jpeg","logger":"task.stdout"}
{"timestamp":"2026-02-26T04:33:12.582220Z","level":"info","event":"Downloaded https://thespacedevs-prod.nyc3.digitaloceanspaces.com/media/images/falcon2520925_image_20221009234147.png","logger":"task.stdout"}
{"timestamp":"2026-02-26T04:33:12.584569Z","level":"info","event":"Done. Returned value was: None","logger":"airflow.task.operators.airflow.providers.standard.operators.python.PythonOperator","filename":"python.py","lineno":230}
{"timestamp":"2026-02-26T04:33:12.621704Z","level":"info","event":"Task instance in success state","logger":"task.stdout"}
{"timestamp":"2026-02-26T04:33:12.623164Z","level":"info","event":" Previous state of the Task instance: TaskInstanceState.RUNNING","logger":"task.stdout"}
{"timestamp":"2026-02-26T04:33:12.624383Z","level":"info","event":"Task operator:<Task(PythonOperator): get_pictures>","logger":"task.stdout"}
