{"timestamp":"2026-02-26T03:58:27.169266Z","level":"info","event":"DAG bundles loaded: dags-folder, example_dags","logger":"airflow.dag_processing.bundles.manager.DagBundlesManager","filename":"manager.py","lineno":179}
{"timestamp":"2026-02-26T03:58:27.171384Z","level":"info","event":"Filling up the DagBag from /opt/airflow/dags/download_rocket_launcher.py","logger":"airflow.models.dagbag.BundleDagBag","filename":"dagbag.py","lineno":593}
{"timestamp":"2026-02-26T03:58:27.187113Z","level":"warning","event":"The `airflow.operators.bash.BashOperator` attribute is deprecated. Please use `'airflow.providers.standard.operators.bash.BashOperator'`.","category":"DeprecatedImportWarning","filename":"/opt/airflow/dags/download_rocket_launcher.py","lineno":7,"logger":"py.warnings"}
{"timestamp":"2026-02-26T03:58:27.187249Z","level":"warning","event":"The `airflow.operators.python.PythonOperator` attribute is deprecated. Please use `'airflow.providers.standard.operators.python.PythonOperator'`.","category":"DeprecatedImportWarning","filename":"/opt/airflow/dags/download_rocket_launcher.py","lineno":8,"logger":"py.warnings"}
{"timestamp":"2026-02-26T03:58:27.203082Z","level":"info","event":"Task instance is in running state","logger":"task.stdout"}
{"timestamp":"2026-02-26T03:58:27.203666Z","level":"info","event":" Previous state of the Task instance: TaskInstanceState.QUEUED","logger":"task.stdout"}
{"timestamp":"2026-02-26T03:58:27.204152Z","level":"info","event":"Current task name:get_pictures","logger":"task.stdout"}
{"timestamp":"2026-02-26T03:58:27.204469Z","level":"info","event":"Dag name:download_rocket_launches","logger":"task.stdout"}
{"timestamp":"2026-02-26T03:58:32.480426Z","level":"info","event":"Downloaded https://thespacedevs-prod.nyc3.digitaloceanspaces.com/media/images/falcon2520925_image_20221009234147.png","logger":"task.stdout"}
{"timestamp":"2026-02-26T03:58:34.789960Z","level":"info","event":"Downloaded https://thespacedevs-prod.nyc3.digitaloceanspaces.com/media/images/electron_image_20190705175640.jpeg","logger":"task.stdout"}
{"timestamp":"2026-02-26T03:58:36.855256Z","level":"info","event":"Downloaded https://thespacedevs-prod.nyc3.digitaloceanspaces.com/media/images/falcon2520925_image_20221009234147.png","logger":"task.stdout"}
{"timestamp":"2026-02-26T03:58:38.618782Z","level":"info","event":"Downloaded https://thespacedevs-prod.nyc3.digitaloceanspaces.com/media/images/firefly_alpha_l_image_20240605174156.jpeg","logger":"task.stdout"}
{"timestamp":"2026-02-26T03:58:40.683091Z","level":"info","event":"Downloaded https://thespacedevs-prod.nyc3.digitaloceanspaces.com/media/images/falcon2520925_image_20221009234147.png","logger":"task.stdout"}
{"timestamp":"2026-02-26T03:58:42.875016Z","level":"info","event":"Downloaded https://thespacedevs-prod.nyc3.digitaloceanspaces.com/media/images/falcon2520925_image_20221009234147.png","logger":"task.stdout"}
{"timestamp":"2026-02-26T03:58:45.021988Z","level":"info","event":"Downloaded https://thespacedevs-prod.nyc3.digitaloceanspaces.com/media/images/falcon2520925_image_20221009234147.png","logger":"task.stdout"}
{"timestamp":"2026-02-26T03:58:46.770424Z","level":"info","event":"Downloaded https://thespacedevs-prod.nyc3.digitaloceanspaces.com/media/images/falcon2520925_image_20221009234147.png","logger":"task.stdout"}
{"timestamp":"2026-02-26T03:58:48.740901Z","level":"info","event":"Downloaded https://thespacedevs-prod.nyc3.digitaloceanspaces.com/media/images/falcon_9_image_20230807133459.jpeg","logger":"task.stdout"}
{"timestamp":"2026-02-26T03:58:51.010210Z","level":"info","event":"Downloaded https://thespacedevs-prod.nyc3.digitaloceanspaces.com/media/images/falcon2520925_image_20221009234147.png","logger":"task.stdout"}
{"timestamp":"2026-02-26T03:58:51.011051Z","level":"info","event":"Done. Returned value was: None","logger":"airflow.task.operators.airflow.providers.standard.operators.python.PythonOperator","filename":"python.py","lineno":230}
{"timestamp":"2026-02-26T03:58:51.042023Z","level":"info","event":"Task instance in success state","logger":"task.stdout"}
{"timestamp":"2026-02-26T03:58:51.043077Z","level":"info","event":" Previous state of the Task instance: TaskInstanceState.RUNNING","logger":"task.stdout"}
{"timestamp":"2026-02-26T03:58:51.043942Z","level":"info","event":"Task operator:<Task(PythonOperator): get_pictures>","logger":"task.stdout"}
